# JRE version: Java(TM) SE Runtime Environment (8.0_05-b13) (build 1.8.0_05-b13)
# Java VM: Java HotSpot(TM) Client VM (25.5-b02 mixed mode windows-x86 )
Heap:
 def new generation   total 4928K, used 4927K [0x03800000, 0x03d50000, 0x18d50000)
  eden space 4416K, 100% used [0x03800000, 0x03c50000, 0x03c50000)
  from space 512K,  99% used [0x03cd0000, 0x03d4fff8, 0x03d50000)
  to   space 512K, 100% used [0x03c50000, 0x03cd0000, 0x03cd0000)
 tenured generation   total 11108K, used 11107K [0x18d50000, 0x19829000, 0x43800000)
   the space 11108K,  99% used [0x18d50000, 0x19828ff8, 0x19829000, 0x19829000)
 Metaspace       used 3348K, capacity 3494K, committed 3520K, reserved 4480K
GC Heap History (10 events):
Event: 5.158 GC heap after
Heap after GC invocations=10 (full 0):
 def new generation   total 4928K, used 512K [0x03800000, 0x03d50000, 0x18d50000)
  eden space 4416K,   0% used [0x03800000, 0x03800000, 0x03c50000)
  from space 512K, 100% used [0x03c50000, 0x03cd0000, 0x03cd0000)
  to   space 512K,   0% used [0x03cd0000, 0x03cd0000, 0x03d50000)
 tenured generation   total 10944K, used 7347K [0x18d50000, 0x19800000, 0x43800000)
   the space 10944K,  67% used [0x18d50000, 0x1947ce30, 0x1947d000, 0x19800000)
 Metaspace       used 3347K, capacity 3494K, committed 3520K, reserved 4480K
}
Event: 5.236 GC heap before
{Heap before GC invocations=10 (full 0):
 def new generation   total 4928K, used 4928K [0x03800000, 0x03d50000, 0x18d50000)
  eden space 4416K, 100% used [0x03800000, 0x03c50000, 0x03c50000)
  from space 512K, 100% used [0x03c50000, 0x03cd0000, 0x03cd0000)
  to   space 512K,   0% used [0x03cd0000, 0x03cd0000, 0x03d50000)
 tenured generation   total 10944K, used 7347K [0x18d50000, 0x19800000, 0x43800000)
   the space 10944K,  67% used [0x18d50000, 0x1947ce68, 0x1947d000, 0x19800000)
 Metaspace       used 3347K, capacity 3494K, committed 3520K, reserved 4480K
Event: 5.249 GC heap after
Heap after GC invocations=11 (full 0):
 def new generation   total 4928K, used 512K [0x03800000, 0x03d50000, 0x18d50000)
  eden space 4416K,   0% used [0x03800000, 0x03800000, 0x03c50000)
  from space 512K, 100% used [0x03cd0000, 0x03d50000, 0x03d50000)
  to   space 512K,   0% used [0x03c50000, 0x03c50000, 0x03cd0000)
 tenured generation   total 10944K, used 8135K [0x18d50000, 0x19800000, 0x43800000)
   the space 10944K,  74% used [0x18d50000, 0x19541d68, 0x19541e00, 0x19800000)
 Metaspace       used 3347K, capacity 3494K, committed 3520K, reserved 4480K
}
Event: 5.278 GC heap before
{Heap before GC invocations=11 (full 0):
 def new generation   total 4928K, used 4928K [0x03800000, 0x03d50000, 0x18d50000)
  eden space 4416K, 100% used [0x03800000, 0x03c50000, 0x03c50000)
  from space 512K, 100% used [0x03cd0000, 0x03d50000, 0x03d50000)
  to   space 512K,   0% used [0x03c50000, 0x03c50000, 0x03cd0000)
 tenured generation   total 10944K, used 8135K [0x18d50000, 0x19800000, 0x43800000)
   the space 10944K,  74% used [0x18d50000, 0x19541d68, 0x19541e00, 0x19800000)
 Metaspace       used 3348K, capacity 3494K, committed 3520K, reserved 4480K
Event: 5.291 GC heap after
Heap after GC invocations=12 (full 0):
 def new generation   total 4928K, used 512K [0x03800000, 0x03d50000, 0x18d50000)
  eden space 4416K,   0% used [0x03800000, 0x03800000, 0x03c50000)
  from space 512K, 100% used [0x03c50000, 0x03cd0000, 0x03cd0000)
  to   space 512K,   0% used [0x03cd0000, 0x03cd0000, 0x03d50000)
 tenured generation   total 10944K, used 8990K [0x18d50000, 0x19800000, 0x43800000)
   the space 10944K,  82% used [0x18d50000, 0x196179e0, 0x19617a00, 0x19800000)
 Metaspace       used 3348K, capacity 3494K, committed 3520K, reserved 4480K
}
Event: 5.325 GC heap before
{Heap before GC invocations=12 (full 0):
 def new generation   total 4928K, used 4928K [0x03800000, 0x03d50000, 0x18d50000)
  eden space 4416K, 100% used [0x03800000, 0x03c50000, 0x03c50000)
  from space 512K, 100% used [0x03c50000, 0x03cd0000, 0x03cd0000)
  to   space 512K,   0% used [0x03cd0000, 0x03cd0000, 0x03d50000)
 tenured generation   total 10944K, used 8990K [0x18d50000, 0x19800000, 0x43800000)
   the space 10944K,  82% used [0x18d50000, 0x196179e0, 0x19617a00, 0x19800000)
 Metaspace       used 3348K, capacity 3494K, committed 3520K, reserved 4480K
Event: 5.339 GC heap after
Heap after GC invocations=13 (full 0):
 def new generation   total 4928K, used 511K [0x03800000, 0x03d50000, 0x18d50000)
  eden space 4416K,   0% used [0x03800000, 0x03800000, 0x03c50000)
  from space 512K,  99% used [0x03cd0000, 0x03d4fff8, 0x03d50000)
  to   space 512K,   0% used [0x03c50000, 0x03c50000, 0x03cd0000)
 tenured generation   total 10944K, used 9769K [0x18d50000, 0x19800000, 0x43800000)
   the space 10944K,  89% used [0x18d50000, 0x196da748, 0x196da800, 0x19800000)
 Metaspace       used 3348K, capacity 3494K, committed 3520K, reserved 4480K
}
Event: 5.392 GC heap before
{Heap before GC invocations=13 (full 0):
 def new generation   total 4928K, used 4927K [0x03800000, 0x03d50000, 0x18d50000)
  eden space 4416K, 100% used [0x03800000, 0x03c50000, 0x03c50000)
  from space 512K,  99% used [0x03cd0000, 0x03d4fff8, 0x03d50000)
  to   space 512K,   0% used [0x03c50000, 0x03c50000, 0x03cd0000)
 tenured generation   total 10944K, used 9769K [0x18d50000, 0x19800000, 0x43800000)
   the space 10944K,  89% used [0x18d50000, 0x196da748, 0x196da800, 0x19800000)
 Metaspace       used 3348K, capacity 3494K, committed 3520K, reserved 4480K
Event: 5.400 GC heap after
Heap after GC invocations=14 (full 0):
 def new generation   total 4928K, used 512K [0x03800000, 0x03d50000, 0x18d50000)
  eden space 4416K,   0% used [0x03800000, 0x03800000, 0x03c50000)
  from space 512K, 100% used [0x03c50000, 0x03cd0000, 0x03cd0000)
  to   space 512K,   0% used [0x03cd0000, 0x03cd0000, 0x03d50000)
 tenured generation   total 10944K, used 10170K [0x18d50000, 0x19800000, 0x43800000)
   the space 10944K,  92% used [0x18d50000, 0x1973ea18, 0x1973ec00, 0x19800000)
 Metaspace       used 3348K, capacity 3494K, committed 3520K, reserved 4480K
}
Event: 5.439 GC heap before
{Heap before GC invocations=14 (full 0):
 def new generation   total 4928K, used 4928K [0x03800000, 0x03d50000, 0x18d50000)
  eden space 4416K, 100% used [0x03800000, 0x03c50000, 0x03c50000)
  from space 512K, 100% used [0x03c50000, 0x03cd0000, 0x03cd0000)
  to   space 512K,   0% used [0x03cd0000, 0x03cd0000, 0x03d50000)
 tenured generation   total 10944K, used 10170K [0x18d50000, 0x19800000, 0x43800000)
   the space 10944K,  92% used [0x18d50000, 0x1973ea18, 0x1973ec00, 0x19800000)
 Metaspace       used 3348K, capacity 3494K, committed 3520K, reserved 4480K

