# JRE version: Java(TM) SE Runtime Environment (8.0_05-b13) (build 1.8.0_05-b13)
# Java VM: Java HotSpot(TM) Client VM (25.5-b02 mixed mode windows-x86 )
Heap:
 def new generation   total 8064K, used 8063K [0x03800000, 0x040c0000, 0x18d50000)
  eden space 7168K, 100% used [0x03800000, 0x03f00000, 0x03f00000)
  from space 896K,  99% used [0x03fe0000, 0x040bfff8, 0x040c0000)
  to   space 896K,  99% used [0x03f00000, 0x03fdfff8, 0x03fe0000)
 tenured generation   total 32020K, used 31898K [0x18d50000, 0x1ac95000, 0x43800000)
   the space 32020K,  99% used [0x18d50000, 0x1ac76b40, 0x1ac76c00, 0x1ac95000)
 Metaspace       used 3391K, capacity 3462K, committed 3520K, reserved 4480K
GC Heap History (10 events):
Event: 6.799 GC heap after
Heap after GC invocations=29 (full 2):
 def new generation   total 8064K, used 895K [0x03800000, 0x040c0000, 0x18d50000)
  eden space 7168K,   0% used [0x03800000, 0x03800000, 0x03f00000)
  from space 896K,  99% used [0x03f00000, 0x03fdfff8, 0x03fe0000)
  to   space 896K,   0% used [0x03fe0000, 0x03fe0000, 0x040c0000)
 tenured generation   total 30820K, used 25878K [0x18d50000, 0x1ab69000, 0x43800000)
   the space 30820K,  83% used [0x18d50000, 0x1a6959c0, 0x1a695a00, 0x1ab69000)
 Metaspace       used 3391K, capacity 3462K, committed 3520K, reserved 4480K
}
Event: 6.877 GC heap before
{Heap before GC invocations=29 (full 2):
 def new generation   total 8064K, used 8063K [0x03800000, 0x040c0000, 0x18d50000)
  eden space 7168K, 100% used [0x03800000, 0x03f00000, 0x03f00000)
  from space 896K,  99% used [0x03f00000, 0x03fdfff8, 0x03fe0000)
  to   space 896K,   0% used [0x03fe0000, 0x03fe0000, 0x040c0000)
 tenured generation   total 30820K, used 25878K [0x18d50000, 0x1ab69000, 0x43800000)
   the space 30820K,  83% used [0x18d50000, 0x1a6959d8, 0x1a695a00, 0x1ab69000)
 Metaspace       used 3391K, capacity 3462K, committed 3520K, reserved 4480K
Event: 6.893 GC heap after
Heap after GC invocations=30 (full 2):
 def new generation   total 8064K, used 896K [0x03800000, 0x040c0000, 0x18d50000)
  eden space 7168K,   0% used [0x03800000, 0x03800000, 0x03f00000)
  from space 896K, 100% used [0x03fe0000, 0x040c0000, 0x040c0000)
  to   space 896K,   0% used [0x03f00000, 0x03f00000, 0x03fe0000)
 tenured generation   total 30820K, used 26885K [0x18d50000, 0x1ab69000, 0x43800000)
   the space 30820K,  87% used [0x18d50000, 0x1a791790, 0x1a791800, 0x1ab69000)
 Metaspace       used 3391K, capacity 3462K, committed 3520K, reserved 4480K
}
Event: 6.963 GC heap before
{Heap before GC invocations=30 (full 2):
 def new generation   total 8064K, used 8064K [0x03800000, 0x040c0000, 0x18d50000)
  eden space 7168K, 100% used [0x03800000, 0x03f00000, 0x03f00000)
  from space 896K, 100% used [0x03fe0000, 0x040c0000, 0x040c0000)
  to   space 896K,   0% used [0x03f00000, 0x03f00000, 0x03fe0000)
 tenured generation   total 30820K, used 26885K [0x18d50000, 0x1ab69000, 0x43800000)
   the space 30820K,  87% used [0x18d50000, 0x1a791790, 0x1a791800, 0x1ab69000)
 Metaspace       used 3391K, capacity 3462K, committed 3520K, reserved 4480K
Event: 6.979 GC heap after
Heap after GC invocations=31 (full 2):
 def new generation   total 8064K, used 896K [0x03800000, 0x040c0000, 0x18d50000)
  eden space 7168K,   0% used [0x03800000, 0x03800000, 0x03f00000)
  from space 896K, 100% used [0x03f00000, 0x03fe0000, 0x03fe0000)
  to   space 896K,   0% used [0x03fe0000, 0x03fe0000, 0x040c0000)
 tenured generation   total 30820K, used 28027K [0x18d50000, 0x1ab69000, 0x43800000)
   the space 30820K,  90% used [0x18d50000, 0x1a8aecf0, 0x1a8aee00, 0x1ab69000)
 Metaspace       used 3391K, capacity 3462K, committed 3520K, reserved 4480K
}
Event: 7.043 GC heap before
{Heap before GC invocations=31 (full 2):
 def new generation   total 8064K, used 8064K [0x03800000, 0x040c0000, 0x18d50000)
  eden space 7168K, 100% used [0x03800000, 0x03f00000, 0x03f00000)
  from space 896K, 100% used [0x03f00000, 0x03fe0000, 0x03fe0000)
  to   space 896K,   0% used [0x03fe0000, 0x03fe0000, 0x040c0000)
 tenured generation   total 30820K, used 28027K [0x18d50000, 0x1ab69000, 0x43800000)
   the space 30820K,  90% used [0x18d50000, 0x1a8aecf0, 0x1a8aee00, 0x1ab69000)
 Metaspace       used 3391K, capacity 3462K, committed 3520K, reserved 4480K
Event: 7.059 GC heap after
Heap after GC invocations=32 (full 2):
 def new generation   total 8064K, used 896K [0x03800000, 0x040c0000, 0x18d50000)
  eden space 7168K,   0% used [0x03800000, 0x03800000, 0x03f00000)
  from space 896K, 100% used [0x03fe0000, 0x040c0000, 0x040c0000)
  to   space 896K,   0% used [0x03f00000, 0x03f00000, 0x03fe0000)
 tenured generation   total 30820K, used 29094K [0x18d50000, 0x1ab69000, 0x43800000)
   the space 30820K,  94% used [0x18d50000, 0x1a9b9bf0, 0x1a9b9c00, 0x1ab69000)
 Metaspace       used 3391K, capacity 3462K, committed 3520K, reserved 4480K
}
Event: 7.143 GC heap before
{Heap before GC invocations=32 (full 2):
 def new generation   total 8064K, used 8064K [0x03800000, 0x040c0000, 0x18d50000)
  eden space 7168K, 100% used [0x03800000, 0x03f00000, 0x03f00000)
  from space 896K, 100% used [0x03fe0000, 0x040c0000, 0x040c0000)
  to   space 896K,   0% used [0x03f00000, 0x03f00000, 0x03fe0000)
 tenured generation   total 30820K, used 29094K [0x18d50000, 0x1ab69000, 0x43800000)
   the space 30820K,  94% used [0x18d50000, 0x1a9b9bf0, 0x1a9b9c00, 0x1ab69000)
 Metaspace       used 3391K, capacity 3462K, committed 3520K, reserved 4480K
Event: 7.162 GC heap after
Heap after GC invocations=33 (full 2):
 def new generation   total 8064K, used 895K [0x03800000, 0x040c0000, 0x18d50000)
  eden space 7168K,   0% used [0x03800000, 0x03800000, 0x03f00000)
  from space 896K,  99% used [0x03f00000, 0x03fdfff8, 0x03fe0000)
  to   space 896K,   0% used [0x03fe0000, 0x03fe0000, 0x040c0000)
 tenured generation   total 30820K, used 30769K [0x18d50000, 0x1ab69000, 0x43800000)
   the space 30820K,  99% used [0x18d50000, 0x1ab5c480, 0x1ab5c600, 0x1ab69000)
 Metaspace       used 3391K, capacity 3462K, committed 3520K, reserved 4480K
}
Event: 7.211 GC heap before
{Heap before GC invocations=33 (full 2):
 def new generation   total 8064K, used 8063K [0x03800000, 0x040c0000, 0x18d50000)
  eden space 7168K, 100% used [0x03800000, 0x03f00000, 0x03f00000)
  from space 896K,  99% used [0x03f00000, 0x03fdfff8, 0x03fe0000)
  to   space 896K,   0% used [0x03fe0000, 0x03fe0000, 0x040c0000)
 tenured generation   total 30820K, used 30769K [0x18d50000, 0x1ab69000, 0x43800000)
   the space 30820K,  99% used [0x18d50000, 0x1ab5c480, 0x1ab5c600, 0x1ab69000)
 Metaspace       used 3391K, capacity 3462K, committed 3520K, reserved 4480K

