# JRE version: Java(TM) SE Runtime Environment (8.0_05-b13) (build 1.8.0_05-b13)
# Java VM: Java HotSpot(TM) Client VM (25.5-b02 mixed mode windows-x86 )
Heap:
 def new generation   total 6144K, used 6144K [0x03800000, 0x03ea0000, 0x18d50000)
  eden space 5504K, 100% used [0x03800000, 0x03d60000, 0x03d60000)
  from space 640K, 100% used [0x03e00000, 0x03ea0000, 0x03ea0000)
  to   space 640K,   0% used [0x03d60000, 0x03d60000, 0x03e00000)
 tenured generation   total 14176K, used 14135K [0x18d50000, 0x19b28000, 0x43800000)
   the space 14176K,  99% used [0x18d50000, 0x19b1df78, 0x19b1e000, 0x19b28000)
 Metaspace       used 3326K, capacity 3462K, committed 3520K, reserved 4480K
GC Heap History (10 events):
Event: 4.414 GC heap after
Heap after GC invocations=18 (full 2):
 def new generation   total 5184K, used 393K [0x03800000, 0x03da0000, 0x18d50000)
  eden space 4608K,   8% used [0x03800000, 0x03862470, 0x03c80000)
  from space 576K,   0% used [0x03c80000, 0x03c80000, 0x03d10000)
  to   space 576K,   0% used [0x03d10000, 0x03d10000, 0x03da0000)
 tenured generation   total 11456K, used 11455K [0x18d50000, 0x19880000, 0x43800000)
   the space 11456K,  99% used [0x18d50000, 0x1987ffb0, 0x19880000, 0x19880000)
 Metaspace       used 3326K, capacity 3462K, committed 3520K, reserved 4480K
}
Event: 4.517 GC heap before
{Heap before GC invocations=18 (full 2):
 def new generation   total 5184K, used 4608K [0x03800000, 0x03da0000, 0x18d50000)
  eden space 4608K, 100% used [0x03800000, 0x03c80000, 0x03c80000)
  from space 576K,   0% used [0x03c80000, 0x03c80000, 0x03d10000)
  to   space 576K,   0% used [0x03d10000, 0x03d10000, 0x03da0000)
 tenured generation   total 11456K, used 11455K [0x18d50000, 0x19880000, 0x43800000)
   the space 11456K,  99% used [0x18d50000, 0x1987ffb0, 0x19880000, 0x19880000)
 Metaspace       used 3326K, capacity 3462K, committed 3520K, reserved 4480K
Event: 4.657 GC heap after
Heap after GC invocations=19 (full 3):
 def new generation   total 5504K, used 442K [0x03800000, 0x03df0000, 0x18d50000)
  eden space 4928K,   8% used [0x03800000, 0x0386ea50, 0x03cd0000)
  from space 576K,   0% used [0x03cd0000, 0x03cd0000, 0x03d60000)
  to   space 576K,   0% used [0x03d60000, 0x03d60000, 0x03df0000)
 tenured generation   total 12100K, used 12100K [0x18d50000, 0x19921000, 0x43800000)
   the space 12100K, 100% used [0x18d50000, 0x19921000, 0x19921000, 0x19921000)
 Metaspace       used 3326K, capacity 3462K, committed 3520K, reserved 4480K
}
Event: 4.696 GC heap before
{Heap before GC invocations=19 (full 3):
 def new generation   total 5504K, used 4928K [0x03800000, 0x03df0000, 0x18d50000)
  eden space 4928K, 100% used [0x03800000, 0x03cd0000, 0x03cd0000)
  from space 576K,   0% used [0x03cd0000, 0x03cd0000, 0x03d60000)
  to   space 576K,   0% used [0x03d60000, 0x03d60000, 0x03df0000)
 tenured generation   total 12100K, used 12100K [0x18d50000, 0x19921000, 0x43800000)
   the space 12100K, 100% used [0x18d50000, 0x19921000, 0x19921000, 0x19921000)
 Metaspace       used 3326K, capacity 3462K, committed 3520K, reserved 4480K
Event: 4.861 GC heap after
Heap after GC invocations=20 (full 4):
 def new generation   total 5824K, used 0K [0x03800000, 0x03e50000, 0x18d50000)
  eden space 5184K,   0% used [0x03800000, 0x03800000, 0x03d10000)
  from space 640K,   0% used [0x03d10000, 0x03d10000, 0x03db0000)
  to   space 640K,   0% used [0x03db0000, 0x03db0000, 0x03e50000)
 tenured generation   total 12868K, used 12542K [0x18d50000, 0x199e1000, 0x43800000)
   the space 12868K,  97% used [0x18d50000, 0x1998f868, 0x1998fa00, 0x199e1000)
 Metaspace       used 3326K, capacity 3462K, committed 3520K, reserved 4480K
}
Event: 4.915 GC heap before
{Heap before GC invocations=20 (full 4):
 def new generation   total 5824K, used 5184K [0x03800000, 0x03e50000, 0x18d50000)
  eden space 5184K, 100% used [0x03800000, 0x03d10000, 0x03d10000)
  from space 640K,   0% used [0x03d10000, 0x03d10000, 0x03db0000)
  to   space 640K,   0% used [0x03db0000, 0x03db0000, 0x03e50000)
 tenured generation   total 12868K, used 12542K [0x18d50000, 0x199e1000, 0x43800000)
   the space 12868K,  97% used [0x18d50000, 0x1998f868, 0x1998fa00, 0x199e1000)
 Metaspace       used 3326K, capacity 3462K, committed 3520K, reserved 4480K
Event: 4.924 GC heap after
Heap after GC invocations=21 (full 4):
 def new generation   total 5824K, used 639K [0x03800000, 0x03e50000, 0x18d50000)
  eden space 5184K,   0% used [0x03800000, 0x03800000, 0x03d10000)
  from space 640K,  99% used [0x03db0000, 0x03e4fff8, 0x03e50000)
  to   space 640K,   0% used [0x03d10000, 0x03d10000, 0x03db0000)
 tenured generation   total 12868K, used 12804K [0x18d50000, 0x199e1000, 0x43800000)
   the space 12868K,  99% used [0x18d50000, 0x199d1100, 0x199d1200, 0x199e1000)
 Metaspace       used 3326K, capacity 3462K, committed 3520K, reserved 4480K
}
Event: 4.958 GC heap before
{Heap before GC invocations=21 (full 4):
 def new generation   total 5824K, used 5823K [0x03800000, 0x03e50000, 0x18d50000)
  eden space 5184K, 100% used [0x03800000, 0x03d10000, 0x03d10000)
  from space 640K,  99% used [0x03db0000, 0x03e4fff8, 0x03e50000)
  to   space 640K,   0% used [0x03d10000, 0x03d10000, 0x03db0000)
 tenured generation   total 12868K, used 12804K [0x18d50000, 0x199e1000, 0x43800000)
   the space 12868K,  99% used [0x18d50000, 0x199d1100, 0x199d1200, 0x199e1000)
 Metaspace       used 3326K, capacity 3462K, committed 3520K, reserved 4480K
Event: 5.090 GC heap after
Heap after GC invocations=22 (full 5):
 def new generation   total 6144K, used 591K [0x03800000, 0x03ea0000, 0x18d50000)
  eden space 5504K,  10% used [0x03800000, 0x03893e80, 0x03d60000)
  from space 640K,   0% used [0x03d60000, 0x03d60000, 0x03e00000)
  to   space 640K,   0% used [0x03e00000, 0x03e00000, 0x03ea0000)
 tenured generation   total 13508K, used 13507K [0x18d50000, 0x19a81000, 0x43800000)
   the space 13508K,  99% used [0x18d50000, 0x19a80ff0, 0x19a81000, 0x19a81000)
 Metaspace       used 3326K, capacity 3462K, committed 3520K, reserved 4480K
}
Event: 5.158 GC heap before
{Heap before GC invocations=22 (full 5):
 def new generation   total 6144K, used 5504K [0x03800000, 0x03ea0000, 0x18d50000)
  eden space 5504K, 100% used [0x03800000, 0x03d60000, 0x03d60000)
  from space 640K,   0% used [0x03d60000, 0x03d60000, 0x03e00000)
  to   space 640K,   0% used [0x03e00000, 0x03e00000, 0x03ea0000)
 tenured generation   total 13508K, used 13507K [0x18d50000, 0x19a81000, 0x43800000)
   the space 13508K,  99% used [0x18d50000, 0x19a80ff0, 0x19a81000, 0x19a81000)
 Metaspace       used 3326K, capacity 3462K, committed 3520K, reserved 4480K

