# JRE version: Java(TM) SE Runtime Environment (8.0_05-b13) (build 1.8.0_05-b13)
# Java VM: Java HotSpot(TM) Client VM (25.5-b02 mixed mode windows-x86 )
Heap:
 def new generation   total 13120K, used 13120K [0x03600000, 0x04430000, 0x18b50000)
  eden space 11712K, 100% used [0x03600000, 0x04170000, 0x04170000)
  from space 1408K, 100% used [0x04170000, 0x042d0000, 0x042d0000)
  to   space 1408K,  99% used [0x042d0000, 0x0442fff8, 0x04430000)
 tenured generation   total 30492K, used 30491K [0x18b50000, 0x1a917000, 0x43600000)
   the space 30492K,  99% used [0x18b50000, 0x1a916fa8, 0x1a917000, 0x1a917000)
 Metaspace       used 3356K, capacity 3494K, committed 3520K, reserved 4480K
GC Heap History (10 events):
Event: 5.895 GC heap after
Heap after GC invocations=28 (full 2):
 def new generation   total 11904K, used 1280K [0x03600000, 0x042e0000, 0x18b50000)
  eden space 10624K,   0% used [0x03600000, 0x03600000, 0x04060000)
  from space 1280K, 100% used [0x04060000, 0x041a0000, 0x041a0000)
  to   space 1280K,   0% used [0x041a0000, 0x041a0000, 0x042e0000)
 tenured generation   total 26228K, used 24298K [0x18b50000, 0x1a4ed000, 0x43600000)
   the space 26228K,  92% used [0x18b50000, 0x1a30a8d8, 0x1a30aa00, 0x1a4ed000)
 Metaspace       used 3356K, capacity 3494K, committed 3520K, reserved 4480K
}
Event: 6.026 GC heap before
{Heap before GC invocations=28 (full 2):
 def new generation   total 11904K, used 11904K [0x03600000, 0x042e0000, 0x18b50000)
  eden space 10624K, 100% used [0x03600000, 0x04060000, 0x04060000)
  from space 1280K, 100% used [0x04060000, 0x041a0000, 0x041a0000)
  to   space 1280K,   0% used [0x041a0000, 0x041a0000, 0x042e0000)
 tenured generation   total 26228K, used 24298K [0x18b50000, 0x1a4ed000, 0x43600000)
   the space 26228K,  92% used [0x18b50000, 0x1a30a8d8, 0x1a30aa00, 0x1a4ed000)
 Metaspace       used 3356K, capacity 3494K, committed 3520K, reserved 4480K
Event: 6.049 GC heap after
Heap after GC invocations=29 (full 2):
 def new generation   total 11904K, used 1279K [0x03600000, 0x042e0000, 0x18b50000)
  eden space 10624K,   0% used [0x03600000, 0x03600000, 0x04060000)
  from space 1280K,  99% used [0x041a0000, 0x042dfff8, 0x042e0000)
  to   space 1280K,   0% used [0x04060000, 0x04060000, 0x041a0000)
 tenured generation   total 26228K, used 25996K [0x18b50000, 0x1a4ed000, 0x43600000)
   the space 26228K,  99% used [0x18b50000, 0x1a4b3130, 0x1a4b3200, 0x1a4ed000)
 Metaspace       used 3356K, capacity 3494K, committed 3520K, reserved 4480K
}
Event: 6.278 GC heap before
{Heap before GC invocations=29 (full 2):
 def new generation   total 11904K, used 11903K [0x03600000, 0x042e0000, 0x18b50000)
  eden space 10624K, 100% used [0x03600000, 0x04060000, 0x04060000)
  from space 1280K,  99% used [0x041a0000, 0x042dfff8, 0x042e0000)
  to   space 1280K,   0% used [0x04060000, 0x04060000, 0x041a0000)
 tenured generation   total 26228K, used 25996K [0x18b50000, 0x1a4ed000, 0x43600000)
   the space 26228K,  99% used [0x18b50000, 0x1a4b3130, 0x1a4b3200, 0x1a4ed000)
 Metaspace       used 3356K, capacity 3494K, committed 3520K, reserved 4480K
Event: 6.525 GC heap after
Heap after GC invocations=30 (full 3):
 def new generation   total 12736K, used 431K [0x03600000, 0x043d0000, 0x18b50000)
  eden space 11328K,   3% used [0x03600000, 0x0366bfd0, 0x04110000)
  from space 1408K,   0% used [0x04110000, 0x04110000, 0x04270000)
  to   space 1408K,   0% used [0x04270000, 0x04270000, 0x043d0000)
 tenured generation   total 28148K, used 28147K [0x18b50000, 0x1a6cd000, 0x43600000)
   the space 28148K,  99% used [0x18b50000, 0x1a6ccff8, 0x1a6cd000, 0x1a6cd000)
 Metaspace       used 3356K, capacity 3494K, committed 3520K, reserved 4480K
}
Event: 6.618 GC heap before
{Heap before GC invocations=30 (full 3):
 def new generation   total 12736K, used 11328K [0x03600000, 0x043d0000, 0x18b50000)
  eden space 11328K, 100% used [0x03600000, 0x04110000, 0x04110000)
  from space 1408K,   0% used [0x04110000, 0x04110000, 0x04270000)
  to   space 1408K,   0% used [0x04270000, 0x04270000, 0x043d0000)
 tenured generation   total 28148K, used 28147K [0x18b50000, 0x1a6cd000, 0x43600000)
   the space 28148K,  99% used [0x18b50000, 0x1a6ccff8, 0x1a6cd000, 0x1a6cd000)
 Metaspace       used 3356K, capacity 3494K, committed 3520K, reserved 4480K
Event: 6.931 GC heap after
Heap after GC invocations=31 (full 4):
 def new generation   total 13120K, used 0K [0x03600000, 0x04430000, 0x18b50000)
  eden space 11712K,   0% used [0x03600000, 0x03600000, 0x04170000)
  from space 1408K,   0% used [0x04170000, 0x04170000, 0x042d0000)
  to   space 1408K,   0% used [0x042d0000, 0x042d0000, 0x04430000)
 tenured generation   total 28916K, used 28436K [0x18b50000, 0x1a78d000, 0x43600000)
   the space 28916K,  98% used [0x18b50000, 0x1a715200, 0x1a715200, 0x1a78d000)
 Metaspace       used 3356K, capacity 3494K, committed 3520K, reserved 4480K
}
Event: 7.068 GC heap before
{Heap before GC invocations=31 (full 4):
 def new generation   total 13120K, used 11712K [0x03600000, 0x04430000, 0x18b50000)
  eden space 11712K, 100% used [0x03600000, 0x04170000, 0x04170000)
  from space 1408K,   0% used [0x04170000, 0x04170000, 0x042d0000)
  to   space 1408K,   0% used [0x042d0000, 0x042d0000, 0x04430000)
 tenured generation   total 28916K, used 28436K [0x18b50000, 0x1a78d000, 0x43600000)
   the space 28916K,  98% used [0x18b50000, 0x1a715200, 0x1a715200, 0x1a78d000)
 Metaspace       used 3356K, capacity 3494K, committed 3520K, reserved 4480K
Event: 7.081 GC heap after
Heap after GC invocations=32 (full 4):
 def new generation   total 13120K, used 1407K [0x03600000, 0x04430000, 0x18b50000)
  eden space 11712K,   0% used [0x03600000, 0x03600000, 0x04170000)
  from space 1408K,  99% used [0x042d0000, 0x0442fff8, 0x04430000)
  to   space 1408K,   0% used [0x04170000, 0x04170000, 0x042d0000)
 tenured generation   total 28916K, used 28770K [0x18b50000, 0x1a78d000, 0x43600000)
   the space 28916K,  99% used [0x18b50000, 0x1a768a68, 0x1a768c00, 0x1a78d000)
 Metaspace       used 3356K, capacity 3494K, committed 3520K, reserved 4480K
}
Event: 7.247 GC heap before
{Heap before GC invocations=32 (full 4):
 def new generation   total 13120K, used 13119K [0x03600000, 0x04430000, 0x18b50000)
  eden space 11712K, 100% used [0x03600000, 0x04170000, 0x04170000)
  from space 1408K,  99% used [0x042d0000, 0x0442fff8, 0x04430000)
  to   space 1408K,   0% used [0x04170000, 0x04170000, 0x042d0000)
 tenured generation   total 28916K, used 28770K [0x18b50000, 0x1a78d000, 0x43600000)
   the space 28916K,  99% used [0x18b50000, 0x1a768a68, 0x1a768c00, 0x1a78d000)
 Metaspace       used 3356K, capacity 3494K, committed 3520K, reserved 4480K

