# JRE version: Java(TM) SE Runtime Environment (8.0_05-b13) (build 1.8.0_05-b13)
# Java VM: Java HotSpot(TM) Client VM (25.5-b02 mixed mode windows-x86 )
Heap:
 def new generation   total 4928K, used 1630K [0x03c00000, 0x04150000, 0x19150000)
  eden space 4416K,  25% used [0x03c00000, 0x03d1d928, 0x04050000)
  from space 512K, 100% used [0x04050000, 0x040d0000, 0x040d0000)
  to   space 512K,   0% used [0x040d0000, 0x040d0000, 0x04150000)
 tenured generation   total 10944K, used 3057K [0x19150000, 0x19c00000, 0x43c00000)
   the space 10944K,  27% used [0x19150000, 0x1944c6d0, 0x1944c800, 0x19c00000)
 Metaspace       used 3314K, capacity 3462K, committed 3520K, reserved 5504K
GC Heap History (6 events):
Event: 1.055 GC heap before
{Heap before GC invocations=0 (full 0):
 def new generation   total 4928K, used 4416K [0x03c00000, 0x04150000, 0x19150000)
  eden space 4416K, 100% used [0x03c00000, 0x04050000, 0x04050000)
  from space 512K,   0% used [0x04050000, 0x04050000, 0x040d0000)
  to   space 512K,   0% used [0x040d0000, 0x040d0000, 0x04150000)
 tenured generation   total 10944K, used 0K [0x19150000, 0x19c00000, 0x43c00000)
   the space 10944K,   0% used [0x19150000, 0x19150000, 0x19150200, 0x19c00000)
 Metaspace       used 2164K, capacity 2406K, committed 2496K, reserved 4480K
Event: 1.059 GC heap after
Heap after GC invocations=1 (full 0):
 def new generation   total 4928K, used 512K [0x03c00000, 0x04150000, 0x19150000)
  eden space 4416K,   0% used [0x03c00000, 0x03c00000, 0x04050000)
  from space 512K, 100% used [0x040d0000, 0x04150000, 0x04150000)
  to   space 512K,   0% used [0x04050000, 0x04050000, 0x040d0000)
 tenured generation   total 10944K, used 276K [0x19150000, 0x19c00000, 0x43c00000)
   the space 10944K,   2% used [0x19150000, 0x19195070, 0x19195200, 0x19c00000)
 Metaspace       used 2164K, capacity 2406K, committed 2496K, reserved 4480K
}
Event: 1.333 GC heap before
{Heap before GC invocations=1 (full 0):
 def new generation   total 4928K, used 4928K [0x03c00000, 0x04150000, 0x19150000)
  eden space 4416K, 100% used [0x03c00000, 0x04050000, 0x04050000)
  from space 512K, 100% used [0x040d0000, 0x04150000, 0x04150000)
  to   space 512K,   0% used [0x04050000, 0x04050000, 0x040d0000)
 tenured generation   total 10944K, used 276K [0x19150000, 0x19c00000, 0x43c00000)
   the space 10944K,   2% used [0x19150000, 0x19195070, 0x19195200, 0x19c00000)
 Metaspace       used 2267K, capacity 2502K, committed 2624K, reserved 4480K
Event: 1.338 GC heap after
Heap after GC invocations=2 (full 0):
 def new generation   total 4928K, used 207K [0x03c00000, 0x04150000, 0x19150000)
  eden space 4416K,   0% used [0x03c00000, 0x03c00000, 0x04050000)
  from space 512K,  40% used [0x04050000, 0x04083f50, 0x040d0000)
  to   space 512K,   0% used [0x040d0000, 0x040d0000, 0x04150000)
 tenured generation   total 10944K, used 783K [0x19150000, 0x19c00000, 0x43c00000)
   the space 10944K,   7% used [0x19150000, 0x19213d38, 0x19213e00, 0x19c00000)
 Metaspace       used 2267K, capacity 2502K, committed 2624K, reserved 4480K
}
Event: 2.293 GC heap before
{Heap before GC invocations=2 (full 0):
 def new generation   total 4928K, used 4623K [0x03c00000, 0x04150000, 0x19150000)
  eden space 4416K,  99% used [0x03c00000, 0x0404fda0, 0x04050000)
  from space 512K,  40% used [0x04050000, 0x04083f50, 0x040d0000)
  to   space 512K,   0% used [0x040d0000, 0x040d0000, 0x04150000)
 tenured generation   total 10944K, used 783K [0x19150000, 0x19c00000, 0x43c00000)
   the space 10944K,   7% used [0x19150000, 0x19213d38, 0x19213e00, 0x19c00000)
 Metaspace       used 2968K, capacity 3142K, committed 3264K, reserved 4480K
Event: 2.302 GC heap after
Heap after GC invocations=3 (full 0):
 def new generation   total 4928K, used 512K [0x03c00000, 0x04150000, 0x19150000)
  eden space 4416K,   0% used [0x03c00000, 0x03c00000, 0x04050000)
  from space 512K, 100% used [0x040d0000, 0x04150000, 0x04150000)
  to   space 512K,   0% used [0x04050000, 0x04050000, 0x040d0000)
 tenured generation   total 10944K, used 1827K [0x19150000, 0x19c00000, 0x43c00000)
   the space 10944K,  16% used [0x19150000, 0x19318dd8, 0x19318e00, 0x19c00000)
 Metaspace       used 2968K, capacity 3142K, committed 3264K, reserved 4480K
}

