# JRE version: Java(TM) SE Runtime Environment (8.0_05-b13) (build 1.8.0_05-b13)
# Java VM: Java HotSpot(TM) Client VM (25.5-b02 mixed mode windows-x86 )
Heap:
 def new generation   total 13056K, used 11055K [0x03800000, 0x04620000, 0x18d50000)
  eden space 11648K,  82% used [0x03800000, 0x0416bea8, 0x04360000)
  from space 1408K,  99% used [0x04360000, 0x044bfff8, 0x044c0000)
  to   space 1408K,   0% used [0x044c0000, 0x044c0000, 0x04620000)
 tenured generation   total 35700K, used 29542K [0x18d50000, 0x1b02d000, 0x43800000)
   the space 35700K,  82% used [0x18d50000, 0x1aa29830, 0x1aa29a00, 0x1b02d000)
 Metaspace       used 3608K, capacity 3630K, committed 3648K, reserved 6528K
GC Heap History (10 events):
Event: 2.551 GC heap after
Heap after GC invocations=15 (full 3):
 def new generation   total 13056K, used 478K [0x03800000, 0x04620000, 0x18d50000)
  eden space 11648K,   4% used [0x03800000, 0x03877b00, 0x04360000)
  from space 1408K,   0% used [0x04360000, 0x04360000, 0x044c0000)
  to   space 1408K,   0% used [0x044c0000, 0x044c0000, 0x04620000)
 tenured generation   total 28824K, used 28824K [0x18d50000, 0x1a976000, 0x43800000)
   the space 28824K, 100% used [0x18d50000, 0x1a976000, 0x1a976000, 0x1a976000)
 Metaspace       used 3435K, capacity 3494K, committed 3520K, reserved 4480K
}
Event: 2.576 GC heap before
{Heap before GC invocations=15 (full 3):
 def new generation   total 13056K, used 11648K [0x03800000, 0x04620000, 0x18d50000)
  eden space 11648K, 100% used [0x03800000, 0x04360000, 0x04360000)
  from space 1408K,   0% used [0x04360000, 0x04360000, 0x044c0000)
  to   space 1408K,   0% used [0x044c0000, 0x044c0000, 0x04620000)
 tenured generation   total 28824K, used 28824K [0x18d50000, 0x1a976000, 0x43800000)
   the space 28824K, 100% used [0x18d50000, 0x1a976000, 0x1a976000, 0x1a976000)
 Metaspace       used 3435K, capacity 3494K, committed 3520K, reserved 4480K
Event: 2.813 GC heap after
Heap after GC invocations=16 (full 4):
 def new generation   total 13056K, used 0K [0x03800000, 0x04620000, 0x18d50000)
  eden space 11648K,   0% used [0x03800000, 0x03800000, 0x04360000)
  from space 1408K,   0% used [0x044c0000, 0x044c0000, 0x04620000)
  to   space 1408K,   0% used [0x04360000, 0x04360000, 0x044c0000)
 tenured generation   total 32464K, used 31950K [0x18d50000, 0x1ad04000, 0x43800000)
   the space 32464K,  98% used [0x18d50000, 0x1ac83a10, 0x1ac83c00, 0x1ad04000)
 Metaspace       used 3435K, capacity 3494K, committed 3520K, reserved 4480K
}
Event: 2.911 GC heap before
{Heap before GC invocations=16 (full 4):
 def new generation   total 13056K, used 11648K [0x03800000, 0x04620000, 0x18d50000)
  eden space 11648K, 100% used [0x03800000, 0x04360000, 0x04360000)
  from space 1408K,   0% used [0x044c0000, 0x044c0000, 0x04620000)
  to   space 1408K,   0% used [0x04360000, 0x04360000, 0x044c0000)
 tenured generation   total 32464K, used 31950K [0x18d50000, 0x1ad04000, 0x43800000)
   the space 32464K,  98% used [0x18d50000, 0x1ac83a10, 0x1ac83c00, 0x1ad04000)
 Metaspace       used 3435K, capacity 3494K, committed 3520K, reserved 4480K
Event: 3.252 GC heap after
Heap after GC invocations=17 (full 5):
 def new generation   total 13056K, used 1874K [0x03800000, 0x04620000, 0x18d50000)
  eden space 11648K,  16% used [0x03800000, 0x039d4ba8, 0x04360000)
  from space 1408K,   0% used [0x04360000, 0x04360000, 0x044c0000)
  to   space 1408K,   0% used [0x044c0000, 0x044c0000, 0x04620000)
 tenured generation   total 34388K, used 34388K [0x18d50000, 0x1aee5000, 0x43800000)
   the space 34388K, 100% used [0x18d50000, 0x1aee5000, 0x1aee5000, 0x1aee5000)
 Metaspace       used 3435K, capacity 3494K, committed 3520K, reserved 4480K
}
Event: 3.302 GC heap before
{Heap before GC invocations=17 (full 5):
 def new generation   total 13056K, used 11648K [0x03800000, 0x04620000, 0x18d50000)
  eden space 11648K, 100% used [0x03800000, 0x04360000, 0x04360000)
  from space 1408K,   0% used [0x04360000, 0x04360000, 0x044c0000)
  to   space 1408K,   0% used [0x044c0000, 0x044c0000, 0x04620000)
 tenured generation   total 34388K, used 34388K [0x18d50000, 0x1aee5000, 0x43800000)
   the space 34388K, 100% used [0x18d50000, 0x1aee5000, 0x1aee5000, 0x1aee5000)
 Metaspace       used 3435K, capacity 3494K, committed 3520K, reserved 4480K
Event: 4.110 GC heap after
Heap after GC invocations=18 (full 6):
 def new generation   total 13056K, used 0K [0x03800000, 0x04620000, 0x18d50000)
  eden space 11648K,   0% used [0x03800000, 0x03800000, 0x04360000)
  from space 1408K,   0% used [0x044c0000, 0x044c0000, 0x04620000)
  to   space 1408K,   0% used [0x04360000, 0x04360000, 0x044c0000)
 tenured generation   total 35700K, used 25998K [0x18d50000, 0x1b02d000, 0x43800000)
   the space 35700K,  72% used [0x18d50000, 0x1a6b3838, 0x1a6b3a00, 0x1b02d000)
 Metaspace       used 3435K, capacity 3494K, committed 3520K, reserved 4480K
}
Event: 4.161 GC heap before
{Heap before GC invocations=18 (full 6):
 def new generation   total 13056K, used 11648K [0x03800000, 0x04620000, 0x18d50000)
  eden space 11648K, 100% used [0x03800000, 0x04360000, 0x04360000)
  from space 1408K,   0% used [0x044c0000, 0x044c0000, 0x04620000)
  to   space 1408K,   0% used [0x04360000, 0x04360000, 0x044c0000)
 tenured generation   total 35700K, used 25998K [0x18d50000, 0x1b02d000, 0x43800000)
   the space 35700K,  72% used [0x18d50000, 0x1a6b3838, 0x1a6b3a00, 0x1b02d000)
 Metaspace       used 3435K, capacity 3494K, committed 3520K, reserved 4480K
Event: 4.186 GC heap after
Heap after GC invocations=19 (full 6):
 def new generation   total 13056K, used 1407K [0x03800000, 0x04620000, 0x18d50000)
  eden space 11648K,   0% used [0x03800000, 0x03800000, 0x04360000)
  from space 1408K,  99% used [0x04360000, 0x044bfff8, 0x044c0000)
  to   space 1408K,   0% used [0x044c0000, 0x044c0000, 0x04620000)
 tenured generation   total 35700K, used 29542K [0x18d50000, 0x1b02d000, 0x43800000)
   the space 35700K,  82% used [0x18d50000, 0x1aa29830, 0x1aa29a00, 0x1b02d000)
 Metaspace       used 3435K, capacity 3494K, committed 3520K, reserved 4480K
}
Event: 4.582 GC heap before
{Heap before GC invocations=19 (full 6):
 def new generation   total 13056K, used 11055K [0x03800000, 0x04620000, 0x18d50000)
  eden space 11648K,  82% used [0x03800000, 0x0416bea8, 0x04360000)
  from space 1408K,  99% used [0x04360000, 0x044bfff8, 0x044c0000)
  to   space 1408K,   0% used [0x044c0000, 0x044c0000, 0x04620000)
 tenured generation   total 35700K, used 29542K [0x18d50000, 0x1b02d000, 0x43800000)
   the space 35700K,  82% used [0x18d50000, 0x1aa29830, 0x1aa29a00, 0x1b02d000)
 Metaspace       used 3608K, capacity 3630K, committed 3648K, reserved 6528K

