# JRE version: Java(TM) SE Runtime Environment (8.0_05-b13) (build 1.8.0_05-b13)
# Java VM: Java HotSpot(TM) Client VM (25.5-b02 mixed mode windows-x86 )
Heap:
 def new generation   total 14528K, used 14527K [0x03a00000, 0x049c0000, 0x18f50000)
  eden space 12928K, 100% used [0x03a00000, 0x046a0000, 0x046a0000)
  from space 1600K,  99% used [0x04830000, 0x049bfff8, 0x049c0000)
  to   space 1600K,   0% used [0x046a0000, 0x046a0000, 0x04830000)
 tenured generation   total 33284K, used 33235K [0x18f50000, 0x1afd1000, 0x43a00000)
   the space 33284K,  99% used [0x18f50000, 0x1afc4f80, 0x1afc5000, 0x1afd1000)
 Metaspace       used 3335K, capacity 3462K, committed 3520K, reserved 4480K
GC Heap History (10 events):
Event: 5.989 GC heap after
Heap after GC invocations=26 (full 2):
 def new generation   total 13696K, used 1472K [0x03a00000, 0x048d0000, 0x18f50000)
  eden space 12224K,   0% used [0x03a00000, 0x03a00000, 0x045f0000)
  from space 1472K, 100% used [0x045f0000, 0x04760000, 0x04760000)
  to   space 1472K,   0% used [0x04760000, 0x04760000, 0x048d0000)
 tenured generation   total 30204K, used 24430K [0x18f50000, 0x1accf000, 0x43a00000)
   the space 30204K,  80% used [0x18f50000, 0x1a72b920, 0x1a72ba00, 0x1accf000)
 Metaspace       used 3331K, capacity 3462K, committed 3520K, reserved 4480K
}
Event: 6.192 GC heap before
{Heap before GC invocations=26 (full 2):
 def new generation   total 13696K, used 13696K [0x03a00000, 0x048d0000, 0x18f50000)
  eden space 12224K, 100% used [0x03a00000, 0x045f0000, 0x045f0000)
  from space 1472K, 100% used [0x045f0000, 0x04760000, 0x04760000)
  to   space 1472K,   0% used [0x04760000, 0x04760000, 0x048d0000)
 tenured generation   total 30204K, used 24430K [0x18f50000, 0x1accf000, 0x43a00000)
   the space 30204K,  80% used [0x18f50000, 0x1a72b920, 0x1a72ba00, 0x1accf000)
 Metaspace       used 3331K, capacity 3462K, committed 3520K, reserved 4480K
Event: 6.227 GC heap after
Heap after GC invocations=27 (full 2):
 def new generation   total 13696K, used 1472K [0x03a00000, 0x048d0000, 0x18f50000)
  eden space 12224K,   0% used [0x03a00000, 0x03a00000, 0x045f0000)
  from space 1472K, 100% used [0x04760000, 0x048d0000, 0x048d0000)
  to   space 1472K,   0% used [0x045f0000, 0x045f0000, 0x04760000)
 tenured generation   total 30204K, used 26306K [0x18f50000, 0x1accf000, 0x43a00000)
   the space 30204K,  87% used [0x18f50000, 0x1a900970, 0x1a900a00, 0x1accf000)
 Metaspace       used 3331K, capacity 3462K, committed 3520K, reserved 4480K
}
Event: 6.343 GC heap before
{Heap before GC invocations=27 (full 2):
 def new generation   total 13696K, used 13594K [0x03a00000, 0x048d0000, 0x18f50000)
  eden space 12224K,  99% used [0x03a00000, 0x045d6b60, 0x045f0000)
  from space 1472K, 100% used [0x04760000, 0x048d0000, 0x048d0000)
  to   space 1472K,   0% used [0x045f0000, 0x045f0000, 0x04760000)
 tenured generation   total 30204K, used 26306K [0x18f50000, 0x1accf000, 0x43a00000)
   the space 30204K,  87% used [0x18f50000, 0x1a900970, 0x1a900a00, 0x1accf000)
 Metaspace       used 3335K, capacity 3462K, committed 3520K, reserved 4480K
Event: 6.368 GC heap after
Heap after GC invocations=28 (full 2):
 def new generation   total 13696K, used 1471K [0x03a00000, 0x048d0000, 0x18f50000)
  eden space 12224K,   0% used [0x03a00000, 0x03a00000, 0x045f0000)
  from space 1472K,  99% used [0x045f0000, 0x0475fff8, 0x04760000)
  to   space 1472K,   0% used [0x04760000, 0x04760000, 0x048d0000)
 tenured generation   total 30204K, used 27848K [0x18f50000, 0x1accf000, 0x43a00000)
   the space 30204K,  92% used [0x18f50000, 0x1aa82220, 0x1aa82400, 0x1accf000)
 Metaspace       used 3335K, capacity 3462K, committed 3520K, reserved 4480K
}
Event: 6.492 GC heap before
{Heap before GC invocations=28 (full 2):
 def new generation   total 13696K, used 13695K [0x03a00000, 0x048d0000, 0x18f50000)
  eden space 12224K, 100% used [0x03a00000, 0x045f0000, 0x045f0000)
  from space 1472K,  99% used [0x045f0000, 0x0475fff8, 0x04760000)
  to   space 1472K,   0% used [0x04760000, 0x04760000, 0x048d0000)
 tenured generation   total 30204K, used 27848K [0x18f50000, 0x1accf000, 0x43a00000)
   the space 30204K,  92% used [0x18f50000, 0x1aa82220, 0x1aa82400, 0x1accf000)
 Metaspace       used 3335K, capacity 3462K, committed 3520K, reserved 4480K
Event: 6.520 GC heap after
Heap after GC invocations=29 (full 2):
 def new generation   total 13696K, used 1472K [0x03a00000, 0x048d0000, 0x18f50000)
  eden space 12224K,   0% used [0x03a00000, 0x03a00000, 0x045f0000)
  from space 1472K, 100% used [0x04760000, 0x048d0000, 0x048d0000)
  to   space 1472K,   0% used [0x045f0000, 0x045f0000, 0x04760000)
 tenured generation   total 30204K, used 29931K [0x18f50000, 0x1accf000, 0x43a00000)
   the space 30204K,  99% used [0x18f50000, 0x1ac8ad18, 0x1ac8ae00, 0x1accf000)
 Metaspace       used 3335K, capacity 3462K, committed 3520K, reserved 4480K
}
Event: 6.666 GC heap before
{Heap before GC invocations=29 (full 2):
 def new generation   total 13696K, used 13696K [0x03a00000, 0x048d0000, 0x18f50000)
  eden space 12224K, 100% used [0x03a00000, 0x045f0000, 0x045f0000)
  from space 1472K, 100% used [0x04760000, 0x048d0000, 0x048d0000)
  to   space 1472K,   0% used [0x045f0000, 0x045f0000, 0x04760000)
 tenured generation   total 30204K, used 29931K [0x18f50000, 0x1accf000, 0x43a00000)
   the space 30204K,  99% used [0x18f50000, 0x1ac8ad18, 0x1ac8ae00, 0x1accf000)
 Metaspace       used 3335K, capacity 3462K, committed 3520K, reserved 4480K
Event: 6.990 GC heap after
Heap after GC invocations=30 (full 3):
 def new generation   total 14528K, used 644K [0x03a00000, 0x049c0000, 0x18f50000)
  eden space 12928K,   4% used [0x03a00000, 0x03aa1158, 0x046a0000)
  from space 1600K,   0% used [0x046a0000, 0x046a0000, 0x04830000)
  to   space 1600K,   0% used [0x04830000, 0x04830000, 0x049c0000)
 tenured generation   total 32128K, used 32128K [0x18f50000, 0x1aeb0000, 0x43a00000)
   the space 32128K, 100% used [0x18f50000, 0x1aeb0000, 0x1aeb0000, 0x1aeb0000)
 Metaspace       used 3335K, capacity 3462K, committed 3520K, reserved 4480K
}
Event: 7.054 GC heap before
{Heap before GC invocations=30 (full 3):
 def new generation   total 14528K, used 12928K [0x03a00000, 0x049c0000, 0x18f50000)
  eden space 12928K, 100% used [0x03a00000, 0x046a0000, 0x046a0000)
  from space 1600K,   0% used [0x046a0000, 0x046a0000, 0x04830000)
  to   space 1600K,   0% used [0x04830000, 0x04830000, 0x049c0000)
 tenured generation   total 32128K, used 32128K [0x18f50000, 0x1aeb0000, 0x43a00000)
   the space 32128K, 100% used [0x18f50000, 0x1aeb0000, 0x1aeb0000, 0x1aeb0000)
 Metaspace       used 3335K, capacity 3462K, committed 3520K, reserved 4480K

